0 info it worked if it ends with ok
1 verbose cli [ '/usr/bin/node', '/usr/bin/npm', 'restart' ]
2 info using npm@2.11.3
3 info using node@v0.12.7
4 verbose node symlink /usr/bin/node
5 verbose run-script [ 'prerestart',
5 verbose run-script   'prestop',
5 verbose run-script   'stop',
5 verbose run-script   'poststop',
5 verbose run-script   'restart',
5 verbose run-script   'prestart',
5 verbose run-script   'start',
5 verbose run-script   'poststart',
5 verbose run-script   'postrestart' ]
6 info prerestart yNote@0.0.0
7 info prestop yNote@0.0.0
8 info stop yNote@0.0.0
9 info poststop yNote@0.0.0
10 info restart yNote@0.0.0
11 info prestart yNote@0.0.0
12 info start yNote@0.0.0
13 verbose unsafe-perm in lifecycle true
14 info yNote@0.0.0 Failed to exec start script
15 verbose stack Error: yNote@0.0.0 start: `node ./bin/www`
15 verbose stack Exit status 1
15 verbose stack     at EventEmitter.<anonymous> (/usr/lib/node_modules/npm/lib/utils/lifecycle.js:213:16)
15 verbose stack     at EventEmitter.emit (events.js:110:17)
15 verbose stack     at ChildProcess.<anonymous> (/usr/lib/node_modules/npm/lib/utils/spawn.js:24:14)
15 verbose stack     at ChildProcess.emit (events.js:110:17)
15 verbose stack     at maybeClose (child_process.js:1015:16)
15 verbose stack     at Process.ChildProcess._handle.onexit (child_process.js:1087:5)
16 verbose pkgid yNote@0.0.0
17 verbose cwd /home/cole/Code/cs201r/yNote
18 error Linux 3.16.0-4-amd64
19 error argv "/usr/bin/node" "/usr/bin/npm" "restart"
20 error node v0.12.7
21 error npm  v2.11.3
22 error code ELIFECYCLE
23 error yNote@0.0.0 start: `node ./bin/www`
23 error Exit status 1
24 error Failed at the yNote@0.0.0 start script 'node ./bin/www'.
24 error This is most likely a problem with the yNote package,
24 error not with npm itself.
24 error Tell the author that this fails on your system:
24 error     node ./bin/www
24 error You can get their info via:
24 error     npm owner ls yNote
24 error There is likely additional logging output above.
25 verbose exit [ 1, true ]
